{"name": "test_products_group", "status": "skipped", "statusDetails": {"message": "XFAIL Wait for fix bug\n\nselenium.common.exceptions.ElementClickInterceptedException: Message: element click intercepted: Element <a href=\"https://testqastudio.me?products_group=sale\" class=\"tab-sale \">...</a> is not clickable at point (592, 633). Other element would receive the click: <div class=\"catalog-toolbar-tabs__content\">...</div>\n  (Session info: chrome=118.0.5993.71)\nStacktrace:\n\tGetHandleVerifier [0x00007FF60C988EF2+54786]\n\t(No symbol) [0x00007FF60C8F5612]\n\t(No symbol) [0x00007FF60C7AA64B]\n\t(No symbol) [0x00007FF60C7F1A6B]\n\t(No symbol) [0x00007FF60C7EFE39]\n\t(No symbol) [0x00007FF60C7EDC08]\n\t(No symbol) [0x00007FF60C7ECCC3]\n\t(No symbol) [0x00007FF60C7E29CF]\n\t(No symbol) [0x00007FF60C80BE6A]\n\t(No symbol) [0x00007FF60C7E22E6]\n\t(No symbol) [0x00007FF60C80C080]\n\t(No symbol) [0x00007FF60C824D02]\n\t(No symbol) [0x00007FF60C80BC43]\n\t(No symbol) [0x00007FF60C7E0941]\n\t(No symbol) [0x00007FF60C7E1B84]\n\tGetHandleVerifier [0x00007FF60CCD7F52+3524194]\n\tGetHandleVerifier [0x00007FF60CD2D800+3874576]\n\tGetHandleVerifier [0x00007FF60CD25D7F+3843215]\n\tGetHandleVerifier [0x00007FF60CA25086+694166]\n\t(No symbol) [0x00007FF60C900A88]\n\t(No symbol) [0x00007FF60C8FCA94]\n\t(No symbol) [0x00007FF60C8FCBC2]\n\t(No symbol) [0x00007FF60C8ECC83]\n\tBaseThreadInitThunk [0x00007FFFB1457344+20]\n\tRtlUserThreadStart [0x00007FFFB2C826B1+33]", "trace": "tests\\test_shop.py:48: in test_products_group\n    element.click()\n        browser    = <selenium.webdriver.chrome.webdriver.WebDriver (session=\"e73bb7d23686522897b0fb55527a79bc\")>\n        element    = <selenium.webdriver.remote.webelement.WebElement (session=\"e73bb7d23686522897b0fb55527a79bc\", element=\"0DD6FBF538687A51B1CEFDA7E4905CDB_element_124\")>\n        elements   = [<selenium.webdriver.remote.webelement.WebElement (session=\"e73bb7d23686522897b0fb55527a79bc\", element=\"5B2BE337219447...lement.WebElement (session=\"e73bb7d23686522897b0fb55527a79bc\", element=\"5B2BE337219447AFF740E4A8C940D53B_element_80\")>]\n        expected_menu = [('Все', '', \"[class='tab-all active']\"), ('Бестселлеры', '/?products_group=best_sellers', \"[class='tab-best_sellers '... '/?products_group=new', \"[class='tab-new ']\"), ('Распродажа товаров', '/?products_group=sale', \"[class='tab-sale ']\")]\n        item       = ('Распродажа товаров', '/?products_group=sale', \"[class='tab-sale ']\")\n        menu_element = \"[class='catalog-toolbar-tabs__content'] a\"\nenv\\Lib\\site-packages\\selenium\\webdriver\\remote\\webelement.py:93: in click\n    self._execute(Command.CLICK_ELEMENT)\n        self       = <selenium.webdriver.remote.webelement.WebElement (session=\"e73bb7d23686522897b0fb55527a79bc\", element=\"0DD6FBF538687A51B1CEFDA7E4905CDB_element_124\")>\nenv\\Lib\\site-packages\\selenium\\webdriver\\remote\\webelement.py:394: in _execute\n    return self._parent.execute(command, params)\n        command    = 'clickElement'\n        params     = {'id': '0DD6FBF538687A51B1CEFDA7E4905CDB_element_124'}\n        self       = <selenium.webdriver.remote.webelement.WebElement (session=\"e73bb7d23686522897b0fb55527a79bc\", element=\"0DD6FBF538687A51B1CEFDA7E4905CDB_element_124\")>\nenv\\Lib\\site-packages\\selenium\\webdriver\\remote\\webdriver.py:344: in execute\n    self.error_handler.check_response(response)\n        driver_command = 'clickElement'\n        params     = {}\n        response   = {'status': 400, 'value': '{\"value\":{\"error\":\"element click intercepted\",\"message\":\"element click intercepted: Element ...07FF60C8ECC83]\\\\n\\\\tBaseThreadInitThunk [0x00007FFFB1457344+20]\\\\n\\\\tRtlUserThreadStart [0x00007FFFB2C826B1+33]\\\\n\"}}'}\n        self       = <selenium.webdriver.chrome.webdriver.WebDriver (session=\"e73bb7d23686522897b0fb55527a79bc\")>\nenv\\Lib\\site-packages\\selenium\\webdriver\\remote\\errorhandler.py:229: in check_response\n    raise exception_class(message, screen, stacktrace)\nE   selenium.common.exceptions.ElementClickInterceptedException: Message: element click intercepted: Element <a href=\"https://testqastudio.me?products_group=sale\" class=\"tab-sale \">...</a> is not clickable at point (592, 633). Other element would receive the click: <div class=\"catalog-toolbar-tabs__content\">...</div>\nE     (Session info: chrome=118.0.5993.71)\nE   Stacktrace:\nE   \tGetHandleVerifier [0x00007FF60C988EF2+54786]\nE   \t(No symbol) [0x00007FF60C8F5612]\nE   \t(No symbol) [0x00007FF60C7AA64B]\nE   \t(No symbol) [0x00007FF60C7F1A6B]\nE   \t(No symbol) [0x00007FF60C7EFE39]\nE   \t(No symbol) [0x00007FF60C7EDC08]\nE   \t(No symbol) [0x00007FF60C7ECCC3]\nE   \t(No symbol) [0x00007FF60C7E29CF]\nE   \t(No symbol) [0x00007FF60C80BE6A]\nE   \t(No symbol) [0x00007FF60C7E22E6]\nE   \t(No symbol) [0x00007FF60C80C080]\nE   \t(No symbol) [0x00007FF60C824D02]\nE   \t(No symbol) [0x00007FF60C80BC43]\nE   \t(No symbol) [0x00007FF60C7E0941]\nE   \t(No symbol) [0x00007FF60C7E1B84]\nE   \tGetHandleVerifier [0x00007FF60CCD7F52+3524194]\nE   \tGetHandleVerifier [0x00007FF60CD2D800+3874576]\nE   \tGetHandleVerifier [0x00007FF60CD25D7F+3843215]\nE   \tGetHandleVerifier [0x00007FF60CA25086+694166]\nE   \t(No symbol) [0x00007FF60C900A88]\nE   \t(No symbol) [0x00007FF60C8FCA94]\nE   \t(No symbol) [0x00007FF60C8FCBC2]\nE   \t(No symbol) [0x00007FF60C8ECC83]\nE   \tBaseThreadInitThunk [0x00007FFFB1457344+20]\nE   \tRtlUserThreadStart [0x00007FFFB2C826B1+33]\n        e          = <selenium.webdriver.remote.errorhandler.ErrorCode object at 0x00000232C10E2540>\n        error_code = 'ELEMENT_CLICK_INTERCEPTED'\n        error_codes = ['ELEMENT_CLICK_INTERCEPTED', 'ELEMENT_IS_NOT_SELECTABLE', 'ELEMENT_NOT_INTERACTABLE', 'ELEMENT_NOT_VISIBLE', 'IME_ENGINE_ACTIVATION_FAILED', 'IME_NOT_AVAILABLE', ...]\n        error_info = [64, 'element click intercepted']\n        exception_class = <class 'selenium.common.exceptions.ElementClickInterceptedException'>\n        json       = <module 'json' from 'C:\\\\Users\\\\Коржик\\\\AppData\\\\Local\\\\Programs\\\\Python\\\\Python312\\\\Lib\\\\json\\\\__init__.py'>\n        message    = 'element click intercepted: Element <a href=\"https://testqastudio.me?products_group=sale\" class=\"tab-sale \">...</a> is... would receive the click: <div class=\"catalog-toolbar-tabs__content\">...</div>\\n  (Session info: chrome=118.0.5993.71)'\n        response   = {'status': 400, 'value': '{\"value\":{\"error\":\"element click intercepted\",\"message\":\"element click intercepted: Element ...07FF60C8ECC83]\\\\n\\\\tBaseThreadInitThunk [0x00007FFFB1457344+20]\\\\n\\\\tRtlUserThreadStart [0x00007FFFB2C826B1+33]\\\\n\"}}'}\n        screen     = None\n        self       = <selenium.webdriver.remote.errorhandler.ErrorHandler object at 0x00000232C1061D00>\n        st_value   = '\\tGetHandleVerifier [0x00007FF60C988EF2+54786]\\n\\t(No symbol) [0x00007FF60C8F5612]\\n\\t(No symbol) [0x00007FF60C7AA64B...l) [0x00007FF60C8ECC83]\\n\\tBaseThreadInitThunk [0x00007FFFB1457344+20]\\n\\tRtlUserThreadStart [0x00007FFFB2C826B1+33]\\n'\n        stacktrace = ['\\tGetHandleVerifier [0x00007FF60C988EF2+54786]', '\\t(No symbol) [0x00007FF60C8F5612]', '\\t(No symbol) [0x00007FF60C7... '\\t(No symbol) [0x00007FF60C7F1A6B]', '\\t(No symbol) [0x00007FF60C7EFE39]', '\\t(No symbol) [0x00007FF60C7EDC08]', ...]\n        status     = 'element click intercepted'\n        value      = {'error': 'element click intercepted', 'message': 'element click intercepted: Element <a href=\"https://testqastudio.me...) [0x00007FF60C8ECC83]\\n\\tBaseThreadInitThunk [0x00007FFFB1457344+20]\\n\\tRtlUserThreadStart [0x00007FFFB2C826B1+33]\\n'}\n        value_json = '{\"value\":{\"error\":\"element click intercepted\",\"message\":\"element click intercepted: Element \\\\u003Ca href=\\\\\"https://...007FF60C8ECC83]\\\\n\\\\tBaseThreadInitThunk [0x00007FFFB1457344+20]\\\\n\\\\tRtlUserThreadStart [0x00007FFFB2C826B1+33]\\\\n\"}}'"}, "description": "\n    Test case TC-2\n    ", "start": 1697586813119, "stop": 1697586820252, "uuid": "4a4e8319-f212-40f0-a22e-4051bc8050d8", "historyId": "09ac6b905e7ac66417c95d86a058a7ca", "testCaseId": "4fdd6adba16e950b161eae73ef4ccb14", "fullName": "tests.test_shop#test_products_group", "labels": [{"name": "tag", "value": "@pytest.mark.xfail(reason='Wait for fix bug')"}, {"name": "parentSuite", "value": "tests"}, {"name": "suite", "value": "test_shop"}, {"name": "host", "value": "Korzhik"}, {"name": "thread", "value": "15692-MainThread"}, {"name": "framework", "value": "pytest"}, {"name": "language", "value": "cpython3"}, {"name": "package", "value": "tests.test_shop"}]}